<?xml version="1.0" encoding="UTF-8"?>
<!-- Generated by org.testng.reporters.JUnitXMLReporter -->
<testsuite ignored="0" hostname="Admin" failures="0" tests="5" name="Default test" time="13.319" errors="0" timestamp="01 Aug 2022 14:06:52 GMT">
  <testcase classname="com.day8_Addresses.Addresses" name="login" time="8.952"/>
  <testcase classname="com.day8_Addresses.Addresses" name="addAddress" time="1.608"/>
  <testcase classname="com.day8_Addresses.Addresses" name="updateAddress" time="0.937"/>
  <testcase classname="com.day8_Addresses.Addresses" name="deleteAddress" time="0.656"/>
  <testcase classname="com.day8_Addresses.Addresses" name="getAddress" time="0.955"/>
</testsuite> <!-- Default test -->
