<?xml version="1.0" encoding="UTF-8"?>
<testng-results ignored="0" total="5" passed="5" failed="0" skipped="0">
  <reporter-output>
  </reporter-output>
  <suite started-at="2022-08-01T14:06:38Z" name="Default suite" finished-at="2022-08-01T14:06:51Z" duration-ms="13319">
    <groups>
    </groups>
    <test started-at="2022-08-01T14:06:38Z" name="Default test" finished-at="2022-08-01T14:06:51Z" duration-ms="13319">
      <class name="com.day8_Addresses.Addresses">
        <test-method signature="login()[pri:1, instance:com.day8_Addresses.Addresses@6d07a63d]" started-at="2022-08-01T14:06:38Z" name="login" finished-at="2022-08-01T14:06:47Z" duration-ms="8952" status="PASS">
          <reporter-output>
          </reporter-output>
        </test-method> <!-- login -->
        <test-method signature="addAddress()[pri:2, instance:com.day8_Addresses.Addresses@6d07a63d]" started-at="2022-08-01T14:06:47Z" name="addAddress" finished-at="2022-08-01T14:06:49Z" duration-ms="1608" status="PASS">
          <reporter-output>
          </reporter-output>
        </test-method> <!-- addAddress -->
        <test-method signature="updateAddress()[pri:3, instance:com.day8_Addresses.Addresses@6d07a63d]" started-at="2022-08-01T14:06:49Z" name="updateAddress" finished-at="2022-08-01T14:06:50Z" duration-ms="937" status="PASS">
          <reporter-output>
          </reporter-output>
        </test-method> <!-- updateAddress -->
        <test-method signature="deleteAddress()[pri:4, instance:com.day8_Addresses.Addresses@6d07a63d]" started-at="2022-08-01T14:06:50Z" name="deleteAddress" finished-at="2022-08-01T14:06:50Z" duration-ms="656" status="PASS">
          <reporter-output>
          </reporter-output>
        </test-method> <!-- deleteAddress -->
        <test-method signature="getAddress()[pri:5, instance:com.day8_Addresses.Addresses@6d07a63d]" started-at="2022-08-01T14:06:50Z" name="getAddress" finished-at="2022-08-01T14:06:51Z" duration-ms="955" status="PASS">
          <reporter-output>
          </reporter-output>
        </test-method> <!-- getAddress -->
      </class> <!-- com.day8_Addresses.Addresses -->
    </test> <!-- Default test -->
  </suite> <!-- Default suite -->
</testng-results>
